<?xml version="1.0" encoding="UTF-8"?>
<!-- Generated by org.testng.reporters.JUnitReportReporter -->
<testsuite skipped="0" hostname="MacBook-Pro.local" name="WebstaurantStore_TC1" tests="3" failures="0" timestamp="2022-02-24T12:39:45 EST" time="8.057" errors="0">
  <testcase name="verifySearchResults" time="2.861" classname="WebstaurantStore_TC1"/>
  <system-out/>
  <testcase name="verifyLandingPageLoaded" time="0.016" classname="WebstaurantStore_TC1"/>
  <system-out/>
  <testcase name="addToCartAndEmpty" time="5.180" classname="WebstaurantStore_TC1"/>
  <system-out/>
</testsuite> <!-- WebstaurantStore_TC1 -->
